4/26/2017 3:51:13 AM [Info] - Application Start.
4/26/2017 3:51:13 AM [Info] - ////// Arguments //////
4/26/2017 3:51:13 AM [Info] - Update Archive: Release.zip
4/26/2017 3:51:13 AM [Info] - SHA CHecksum: 1B4483C8CF0221F2589AD623CD658FBD65AC7C160C6B636AC8E62B7246872DEB
4/26/2017 3:51:13 AM [Info] - Post Update Launch Target: YumiClock.exe
4/26/2017 3:51:13 AM [Info] - ///////////////////////
4/26/2017 3:51:13 AM [Info] - Starting update proceedure.
4/26/2017 3:51:13 AM [Info] - Working Directory: C:\Users\Darnell\Documents\Visual Studio 2017\Projects\YumiClock\YumiClock\bin\Release
4/26/2017 3:51:13 AM [Info] - Calculating SHA256 Checksum for file...
4/26/2017 3:51:13 AM [Info] - Expected hash 1B4483C8CF0221F2589AD623CD658FBD65AC7C160C6B636AC8E62B7246872DEB
4/26/2017 3:51:13 AM [Info] - Got hash 1B4483C8CF0221F2589AD623CD658FBD65AC7C160C6B636AC8E62B7246872DEB
4/26/2017 3:51:13 AM [Info] - Hash is good!
4/26/2017 3:51:13 AM [Info] - Extracting update files to C:\Users\Darnell\Documents\Visual Studio 2017\Projects\YumiClock\YumiClock\bin\Release\Release
4/26/2017 3:51:13 AM [Info] - Extracting update files complete.
4/26/2017 3:51:13 AM [Info] - ////// Begin File Copy //////
4/26/2017 3:51:13 AM [Info] - Copying C:\Users\Darnell\Documents\Visual Studio 2017\Projects\YumiClock\YumiClock\bin\Release\Release\YumiClock.exe to C:\Users\Darnell\Documents\Visual Studio 2017\Projects\YumiClock\YumiClock\bin\Release\YumiClock.exe
4/26/2017 3:51:13 AM [Info] - /////// End File Copy ///////
4/26/2017 3:51:13 AM [Info] - Cleaning up...
4/26/2017 3:51:13 AM [Info] - Deleting C:\Users\Darnell\Documents\Visual Studio 2017\Projects\YumiClock\YumiClock\bin\Release\Release
4/26/2017 3:51:13 AM [Info] - Deleted successfully!
4/26/2017 3:51:13 AM [Info] - Starting Application...
